<?xml version="1.0" encoding="UTF-8"?>
<!-- Generated by org.testng.reporters.JUnitXMLReporter -->
<testsuite hostname="LAPTOP-OQ1VQTOM" ignored="0" name="Test" tests="4" failures="0" timestamp="01 Nov 2021 13:05:49 GMT" time="30.727" errors="0">
  <testcase name="basePageNavigation" time="0.088" classname="Academy.EEProject.validateNavigationBar"/>
  <testcase name="basePageNavigation" time="0.038" classname="Academy.EEProject.validateTitle"/>
  <testcase name="basePageNavigation" time="7.883" classname="Academy.EEProject.HomePage"/>
  <testcase name="basePageNavigation" time="1.525" classname="Academy.EEProject.HomePage"/>
</testsuite> <!-- Test -->
