<?xml version="1.0" encoding="UTF-8"?>
<!-- Generated by org.testng.reporters.JUnitXMLReporter -->
<testsuite hostname="LAPTOP-OQ1VQTOM" ignored="0" name="Validating title in the page" tests="1" failures="0" timestamp="03 Nov 2021 05:51:21 GMT" time="0.014" errors="0">
  <testcase name="@BeforeTest initialize" time="0.0" classname="Academy.EEProject.validateTitle">
    <failure type="java.lang.NullPointerException">
      <![CDATA[java.lang.NullPointerException
	at resources.base.initialzeDriver(base.java:39)
	at Academy.EEProject.validateTitle.initialize(validateTitle.java:29)
... Removed 23 stack frames]]>
    </failure>
  </testcase> <!-- @BeforeTest initialize -->
  <testcase name="@AfterTest teardown" time="0.0" classname="Academy.EEProject.validateTitle">
    <skipped/>
  </testcase> <!-- @AfterTest teardown -->
  <testcase name="validateAppTitle" time="0.001" classname="Academy.EEProject.validateTitle">
    <skipped/>
  </testcase> <!-- validateAppTitle -->
</testsuite> <!-- Validating title in the page -->
