<?xml version="1.0" encoding="UTF-8"?>
<!-- Generated by org.testng.reporters.JUnitXMLReporter -->
<testsuite hostname="LAPTOP-OQ1VQTOM" ignored="0" name="Validating navigation bar" tests="1" failures="0" timestamp="03 Nov 2021 05:51:21 GMT" time="0.045" errors="0">
  <testcase name="@BeforeTest initialize" time="0.0" classname="Academy.EEProject.validateNavigationBar">
    <failure type="java.lang.NullPointerException">
      <![CDATA[java.lang.NullPointerException
	at resources.base.initialzeDriver(base.java:39)
	at Academy.EEProject.validateNavigationBar.initialize(validateNavigationBar.java:26)
... Removed 23 stack frames]]>
    </failure>
  </testcase> <!-- @BeforeTest initialize -->
  <testcase name="@AfterTest teardown" time="0.0" classname="Academy.EEProject.validateNavigationBar">
    <skipped/>
  </testcase> <!-- @AfterTest teardown -->
  <testcase name="validateAppNavBar" time="0.006" classname="Academy.EEProject.validateNavigationBar">
    <skipped/>
  </testcase> <!-- validateAppNavBar -->
</testsuite> <!-- Validating navigation bar -->
