<?xml version="1.0" encoding="UTF-8"?>
<!-- Generated by org.testng.reporters.JUnitXMLReporter -->
<testsuite hostname="LAPTOP-OQ1VQTOM" ignored="0" name="Test" tests="4" failures="0" timestamp="2021-11-01T18:31:44 IST" time="29.271" errors="0">
  <testcase name="basePageNavigation" time="0.06" classname="Academy.EEProject.validateNavigationBar"/>
  <testcase name="basePageNavigation" time="8.577" classname="Academy.EEProject.HomePage"/>
  <testcase name="basePageNavigation" time="1.692" classname="Academy.EEProject.HomePage"/>
  <testcase name="basePageNavigation" time="0.029" classname="Academy.EEProject.validateTitle"/>
</testsuite> <!-- Test -->
