<?xml version="1.0" encoding="UTF-8"?>
<!-- Generated by org.testng.reporters.JUnitXMLReporter -->
<testsuite hostname="LAPTOP-OQ1VQTOM" ignored="0" name="Validating title in the page" tests="2" failures="1" timestamp="2021-11-03T11:33:11 IST" time="14.19" errors="0">
  <testcase name="validateAppTitle" time="0.051" classname="Academy.EEProject.validateTitle">
    <failure type="java.lang.AssertionError" message="expected [FEATURE COURSES] but found [FEATURED COURSES]">
      <![CDATA[java.lang.AssertionError: expected [FEATURE COURSES] but found [FEATURED COURSES]
at Academy.EEProject.validateTitle.validateAppTitle(validateTitle.java:46)
at java.util.ArrayList.forEach(ArrayList.java:1257)
... Removed 37 stack frames]]>
    </failure>
  </testcase> <!-- validateAppTitle -->
  <testcase name="validateHeader" time="0.04" classname="Academy.EEProject.validateTitle"/>
</testsuite> <!-- Validating title in the page -->
