-------------------------------------------------------------------------------
Test set: TestSuite
-------------------------------------------------------------------------------
Tests run: 5, Failures: 1, Errors: 0, Skipped: 0, Time elapsed: 67.197 s <<< FAILURE! - in TestSuite
Academy.EEProject.validateTitle.validateAppTitle  Time elapsed: 0.433 s  <<< FAILURE!
java.lang.AssertionError: expected [FEATURE COURSES] but found [FEATURED COURSES]
	at Academy.EEProject.validateTitle.validateAppTitle(validateTitle.java:46)

